<?xml version="1.0" encoding="UTF-8"?>
<!-- Generated by org.testng.reporters.JUnitXMLReporter -->
<testsuite hostname="ASKComputers-PC" name="TestNg Test" tests="4" failures="0" timestamp="14 Sep 2016 18:11:59 GMT" time="0.051" errors="0">
  <testcase name="testClass1Method1" time="0.008" classname="com.testng.demo.TestNgClass1"/>
  <testcase name="testClass1Method2" time="0.005" classname="com.testng.demo.TestNgClass1"/>
  <testcase name="testClass2Method1" time="0.002" classname="com.testng.demo.TestNgClass2"/>
  <testcase name="testClass2Method2" time="0.002" classname="com.testng.demo.TestNgClass2"/>
</testsuite> <!-- TestNg Test -->
